app/build/intermediates/manifest_merge_blame_file/debug/manifest-merger-blame-debug-report.txt
1<?xml version="1.0" encoding="utf-8"?>
2<manifest xmlns:android="http://schemas.android.com/apk/res/android"
3    package="com.example.myproject"
4    android:versionCode="1"
5    android:versionName="1.0" >
6
7    <uses-sdk
8        android:minSdkVersion="19"
8-->src\main\AndroidManifest.xml
9        android:targetSdkVersion="33" />
9-->src\main\AndroidManifest.xml
10
11    <uses-permission android:name="android.permission.INTERNET" />
11-->src\main\AndroidManifest.xml:5:5-67
11-->src\main\AndroidManifest.xml:5:22-64
12    <uses-permission android:name="android.permission.ACCESS_NETWORK_STATE" />
12-->[com.google.firebase:firebase-auth:22.0.0] AndroidManifest.xml:26:5-79
12-->[com.google.firebase:firebase-auth:22.0.0] AndroidManifest.xml:26:22-76
13    <uses-permission android:name="android.permission.POST_NOTIFICATIONS" />
13-->[com.google.firebase:firebase-messaging:23.1.2] AndroidManifest.xml:25:5-77
13-->[com.google.firebase:firebase-messaging:23.1.2] AndroidManifest.xml:25:22-74
14    <uses-permission android:name="android.permission.WAKE_LOCK" /> <!-- Required by older versions of Google Play services to create IID tokens -->
14-->[com.google.firebase:firebase-messaging:23.1.2] AndroidManifest.xml:26:5-68
14-->[com.google.firebase:firebase-messaging:23.1.2] AndroidManifest.xml:26:22-65
15    <uses-permission android:name="com.google.android.c2dm.permission.RECEIVE" />
15-->[com.google.firebase:firebase-messaging:23.1.2] AndroidManifest.xml:28:5-82
15-->[com.google.firebase:firebase-messaging:23.1.2] AndroidManifest.xml:28:22-79
16    <uses-permission android:name="com.google.android.gms.permission.AD_ID" />
16-->[com.google.android.gms:play-services-measurement-api:21.2.2] AndroidManifest.xml:25:5-79
16-->[com.google.android.gms:play-services-measurement-api:21.2.2] AndroidManifest.xml:25:22-76
17    <uses-permission android:name="com.google.android.finsky.permission.BIND_GET_INSTALL_REFERRER_SERVICE" />
17-->[com.google.android.gms:play-services-measurement:21.2.2] AndroidManifest.xml:26:5-110
17-->[com.google.android.gms:play-services-measurement:21.2.2] AndroidManifest.xml:26:22-107
18
19    <permission
19-->[androidx.core:core:1.9.0] AndroidManifest.xml:22:5-24:47
20        android:name="com.example.myproject.DYNAMIC_RECEIVER_NOT_EXPORTED_PERMISSION"
20-->[androidx.core:core:1.9.0] AndroidManifest.xml:23:9-81
21        android:protectionLevel="signature" />
21-->[androidx.core:core:1.9.0] AndroidManifest.xml:24:9-44
22
23    <uses-permission android:name="com.example.myproject.DYNAMIC_RECEIVER_NOT_EXPORTED_PERMISSION" />
23-->[androidx.core:core:1.9.0] AndroidManifest.xml:26:5-97
23-->[androidx.core:core:1.9.0] AndroidManifest.xml:26:22-94
24
25    <application
25-->src\main\AndroidManifest.xml:7:5-80:19
26        android:allowBackup="true"
26-->src\main\AndroidManifest.xml:8:9-35
27        android:appComponentFactory="androidx.core.app.CoreComponentFactory"
27-->[androidx.core:core:1.9.0] AndroidManifest.xml:28:18-86
28        android:dataExtractionRules="@xml/data_extraction_rules"
28-->src\main\AndroidManifest.xml:9:9-65
29        android:debuggable="true"
30        android:fullBackupContent="@xml/backup_rules"
30-->src\main\AndroidManifest.xml:10:9-54
31        android:icon="@mipmap/my_new_logo"
31-->src\main\AndroidManifest.xml:11:9-43
32        android:label="@string/app_name"
32-->src\main\AndroidManifest.xml:12:9-41
33        android:roundIcon="@mipmap/ic_launcher_round"
33-->src\main\AndroidManifest.xml:13:9-54
34        android:supportsRtl="true"
34-->src\main\AndroidManifest.xml:14:9-35
35        android:testOnly="true"
36        android:theme="@style/Theme.MyProject" >
36-->src\main\AndroidManifest.xml:15:9-47
37        <activity
37-->src\main\AndroidManifest.xml:18:9-22:66
38            android:name="com.example.myproject.HomeActivity"
38-->src\main\AndroidManifest.xml:19:13-41
39            android:exported="false"
39-->src\main\AndroidManifest.xml:20:13-37
40            android:label="@string/title_activity_home"
40-->src\main\AndroidManifest.xml:21:13-56
41            android:theme="@style/Theme.MyProject.NoActionBar" />
41-->src\main\AndroidManifest.xml:22:13-63
42        <activity
42-->src\main\AndroidManifest.xml:23:9-25:40
43            android:name="com.example.myproject.ListActivity"
43-->src\main\AndroidManifest.xml:24:13-41
44            android:exported="false" />
44-->src\main\AndroidManifest.xml:25:13-37
45        <activity
45-->src\main\AndroidManifest.xml:26:9-28:40
46            android:name="com.example.myproject.PropertyMechanicActivity"
46-->src\main\AndroidManifest.xml:27:13-53
47            android:exported="false" />
47-->src\main\AndroidManifest.xml:28:13-37
48        <activity
48-->src\main\AndroidManifest.xml:29:9-31:40
49            android:name="com.example.myproject.PropertyCarpenterActivity"
49-->src\main\AndroidManifest.xml:30:13-54
50            android:exported="false" />
50-->src\main\AndroidManifest.xml:31:13-37
51        <activity
51-->src\main\AndroidManifest.xml:32:9-34:40
52            android:name="com.example.myproject.PropertyPlumberActivity"
52-->src\main\AndroidManifest.xml:33:13-52
53            android:exported="false" />
53-->src\main\AndroidManifest.xml:34:13-37
54        <activity
54-->src\main\AndroidManifest.xml:35:9-37:40
55            android:name="com.example.myproject.PropertyOwnerActivity"
55-->src\main\AndroidManifest.xml:36:13-50
56            android:exported="false" />
56-->src\main\AndroidManifest.xml:37:13-37
57        <activity
57-->src\main\AndroidManifest.xml:38:9-41:62
58            android:name="com.example.myproject.CarpenterActivity"
58-->src\main\AndroidManifest.xml:39:13-46
59            android:exported="true"
59-->src\main\AndroidManifest.xml:40:13-36
60            android:theme="@style/Theme.CarpenterActivity" />
60-->src\main\AndroidManifest.xml:41:13-59
61        <activity
61-->src\main\AndroidManifest.xml:42:9-45:62
62            android:name="com.example.myproject.MechanicsActivity"
62-->src\main\AndroidManifest.xml:43:13-46
63            android:exported="true"
63-->src\main\AndroidManifest.xml:44:13-36
64            android:theme="@style/Theme.MechanicsActivity" />
64-->src\main\AndroidManifest.xml:45:13-59
65        <activity
65-->src\main\AndroidManifest.xml:46:9-49:61
66            android:name="com.example.myproject.PlumbersActivity"
66-->src\main\AndroidManifest.xml:47:13-45
67            android:exported="true"
67-->src\main\AndroidManifest.xml:48:13-36
68            android:theme="@style/Theme.PlumbersActivity" />
68-->src\main\AndroidManifest.xml:49:13-58
69        <activity
69-->src\main\AndroidManifest.xml:50:9-52:40
70            android:name="com.example.myproject.MenuActivity"
70-->src\main\AndroidManifest.xml:51:13-41
71            android:exported="false" />
71-->src\main\AndroidManifest.xml:52:13-37
72        <activity
72-->src\main\AndroidManifest.xml:53:9-57:54
73            android:name="com.example.myproject.CraftsActivity"
73-->src\main\AndroidManifest.xml:54:13-43
74            android:exported="false"
74-->src\main\AndroidManifest.xml:55:13-37
75            android:label="@string/title_activity_crafts"
75-->src\main\AndroidManifest.xml:56:13-58
76            android:theme="@style/Theme.MyProject" />
76-->src\main\AndroidManifest.xml:57:13-51
77        <activity
77-->src\main\AndroidManifest.xml:58:9-60:40
78            android:name="com.example.myproject.QueryActivity"
78-->src\main\AndroidManifest.xml:59:13-42
79            android:exported="false" />
79-->src\main\AndroidManifest.xml:60:13-37
80        <activity
80-->src\main\AndroidManifest.xml:61:9-63:39
81            android:name="com.example.myproject.SigninActivity"
81-->src\main\AndroidManifest.xml:62:13-43
82            android:exported="true" />
82-->src\main\AndroidManifest.xml:63:13-36
83        <activity
83-->src\main\AndroidManifest.xml:64:9-66:39
84            android:name="com.example.myproject.SignupActivity"
84-->src\main\AndroidManifest.xml:65:13-43
85            android:exported="true" />
85-->src\main\AndroidManifest.xml:66:13-36
86        <activity
86-->src\main\AndroidManifest.xml:67:9-79:20
87            android:name="com.example.myproject.MainActivity"
87-->src\main\AndroidManifest.xml:68:13-41
88            android:exported="true" >
88-->src\main\AndroidManifest.xml:69:13-36
89            <intent-filter>
89-->src\main\AndroidManifest.xml:70:13-74:29
90                <action android:name="android.intent.action.MAIN" />
90-->src\main\AndroidManifest.xml:71:17-69
90-->src\main\AndroidManifest.xml:71:25-66
91
92                <category android:name="android.intent.category.LAUNCHER" />
92-->src\main\AndroidManifest.xml:73:17-77
92-->src\main\AndroidManifest.xml:73:27-74
93            </intent-filter>
94
95            <meta-data
95-->src\main\AndroidManifest.xml:76:13-78:36
96                android:name="android.app.lib_name"
96-->src\main\AndroidManifest.xml:77:17-52
97                android:value="" />
97-->src\main\AndroidManifest.xml:78:17-33
98        </activity>
99
100        <service
100-->[com.google.firebase:firebase-database-ktx:20.2.1] AndroidManifest.xml:11:9-17:19
101            android:name="com.google.firebase.components.ComponentDiscoveryService"
101-->[com.google.firebase:firebase-database-ktx:20.2.1] AndroidManifest.xml:12:13-84
102            android:directBootAware="true"
102-->[com.google.firebase:firebase-common:20.3.2] AndroidManifest.xml:34:13-43
103            android:exported="false" >
103-->[com.google.firebase:firebase-database-ktx:20.2.1] AndroidManifest.xml:13:13-37
104            <meta-data
104-->[com.google.firebase:firebase-database-ktx:20.2.1] AndroidManifest.xml:14:13-16:85
105                android:name="com.google.firebase.components:com.google.firebase.database.ktx.FirebaseDatabaseKtxRegistrar"
105-->[com.google.firebase:firebase-database-ktx:20.2.1] AndroidManifest.xml:15:17-124
106                android:value="com.google.firebase.components.ComponentRegistrar" />
106-->[com.google.firebase:firebase-database-ktx:20.2.1] AndroidManifest.xml:16:17-82
107            <meta-data
107-->[com.google.firebase:firebase-storage-ktx:20.2.0] AndroidManifest.xml:14:13-16:85
108                android:name="com.google.firebase.components:com.google.firebase.storage.ktx.FirebaseStorageKtxRegistrar"
108-->[com.google.firebase:firebase-storage-ktx:20.2.0] AndroidManifest.xml:15:17-122
109                android:value="com.google.firebase.components.ComponentRegistrar" />
109-->[com.google.firebase:firebase-storage-ktx:20.2.0] AndroidManifest.xml:16:17-82
110            <meta-data
110-->[com.google.firebase:firebase-auth-ktx:22.0.0] AndroidManifest.xml:11:13-13:85
111                android:name="com.google.firebase.components:com.google.firebase.auth.ktx.FirebaseAuthKtxRegistrar"
111-->[com.google.firebase:firebase-auth-ktx:22.0.0] AndroidManifest.xml:12:17-116
112                android:value="com.google.firebase.components.ComponentRegistrar" />
112-->[com.google.firebase:firebase-auth-ktx:22.0.0] AndroidManifest.xml:13:17-82
113            <meta-data
113-->[com.google.firebase:firebase-analytics-ktx:21.2.2] AndroidManifest.xml:11:13-13:85
114                android:name="com.google.firebase.components:com.google.firebase.analytics.ktx.FirebaseAnalyticsKtxRegistrar"
114-->[com.google.firebase:firebase-analytics-ktx:21.2.2] AndroidManifest.xml:12:17-126
115                android:value="com.google.firebase.components.ComponentRegistrar" />
115-->[com.google.firebase:firebase-analytics-ktx:21.2.2] AndroidManifest.xml:13:17-82
116            <meta-data
116-->[com.google.firebase:firebase-common-ktx:20.3.2] AndroidManifest.xml:14:13-16:85
117                android:name="com.google.firebase.components:com.google.firebase.ktx.FirebaseCommonKtxRegistrar"
117-->[com.google.firebase:firebase-common-ktx:20.3.2] AndroidManifest.xml:15:17-113
118                android:value="com.google.firebase.components.ComponentRegistrar" />
118-->[com.google.firebase:firebase-common-ktx:20.3.2] AndroidManifest.xml:16:17-82
119            <meta-data
119-->[com.google.firebase:firebase-auth:22.0.0] AndroidManifest.xml:69:13-71:85
120                android:name="com.google.firebase.components:com.google.firebase.auth.FirebaseAuthRegistrar"
120-->[com.google.firebase:firebase-auth:22.0.0] AndroidManifest.xml:70:17-109
121                android:value="com.google.firebase.components.ComponentRegistrar" />
121-->[com.google.firebase:firebase-auth:22.0.0] AndroidManifest.xml:71:17-82
122            <meta-data
122-->[com.google.firebase:firebase-messaging:23.1.2] AndroidManifest.xml:55:13-57:85
123                android:name="com.google.firebase.components:com.google.firebase.messaging.FirebaseMessagingRegistrar"
123-->[com.google.firebase:firebase-messaging:23.1.2] AndroidManifest.xml:56:17-119
124                android:value="com.google.firebase.components.ComponentRegistrar" />
124-->[com.google.firebase:firebase-messaging:23.1.2] AndroidManifest.xml:57:17-82
125            <meta-data
125-->[com.google.firebase:firebase-database:20.2.1] AndroidManifest.xml:31:13-33:85
126                android:name="com.google.firebase.components:com.google.firebase.database.DatabaseRegistrar"
126-->[com.google.firebase:firebase-database:20.2.1] AndroidManifest.xml:32:17-109
127                android:value="com.google.firebase.components.ComponentRegistrar" />
127-->[com.google.firebase:firebase-database:20.2.1] AndroidManifest.xml:33:17-82
128            <meta-data
128-->[com.google.firebase:firebase-storage:20.2.0] AndroidManifest.xml:32:13-34:85
129                android:name="com.google.firebase.components:com.google.firebase.storage.StorageRegistrar"
129-->[com.google.firebase:firebase-storage:20.2.0] AndroidManifest.xml:33:17-107
130                android:value="com.google.firebase.components.ComponentRegistrar" />
130-->[com.google.firebase:firebase-storage:20.2.0] AndroidManifest.xml:34:17-82
131            <meta-data
131-->[com.google.firebase:firebase-datatransport:18.1.7] AndroidManifest.xml:27:13-29:85
132                android:name="com.google.firebase.components:com.google.firebase.datatransport.TransportRegistrar"
132-->[com.google.firebase:firebase-datatransport:18.1.7] AndroidManifest.xml:28:17-115
133                android:value="com.google.firebase.components.ComponentRegistrar" />
133-->[com.google.firebase:firebase-datatransport:18.1.7] AndroidManifest.xml:29:17-82
134            <meta-data
134-->[com.google.android.gms:play-services-measurement-api:21.2.2] AndroidManifest.xml:31:13-33:85
135                android:name="com.google.firebase.components:com.google.firebase.analytics.connector.internal.AnalyticsConnectorRegistrar"
135-->[com.google.android.gms:play-services-measurement-api:21.2.2] AndroidManifest.xml:32:17-139
136                android:value="com.google.firebase.components.ComponentRegistrar" />
136-->[com.google.android.gms:play-services-measurement-api:21.2.2] AndroidManifest.xml:33:17-82
137            <meta-data
137-->[com.google.firebase:firebase-installations:17.1.3] AndroidManifest.xml:17:13-19:85
138                android:name="com.google.firebase.components:com.google.firebase.installations.FirebaseInstallationsRegistrar"
138-->[com.google.firebase:firebase-installations:17.1.3] AndroidManifest.xml:18:17-127
139                android:value="com.google.firebase.components.ComponentRegistrar" />
139-->[com.google.firebase:firebase-installations:17.1.3] AndroidManifest.xml:19:17-82
140        </service>
141
142        <activity
142-->[com.google.firebase:firebase-auth:22.0.0] AndroidManifest.xml:29:9-46:20
143            android:name="com.google.firebase.auth.internal.GenericIdpActivity"
143-->[com.google.firebase:firebase-auth:22.0.0] AndroidManifest.xml:30:13-80
144            android:excludeFromRecents="true"
144-->[com.google.firebase:firebase-auth:22.0.0] AndroidManifest.xml:31:13-46
145            android:exported="true"
145-->[com.google.firebase:firebase-auth:22.0.0] AndroidManifest.xml:32:13-36
146            android:launchMode="singleTask"
146-->[com.google.firebase:firebase-auth:22.0.0] AndroidManifest.xml:33:13-44
147            android:theme="@android:style/Theme.Translucent.NoTitleBar" >
147-->[com.google.firebase:firebase-auth:22.0.0] AndroidManifest.xml:34:13-72
148            <intent-filter>
148-->[com.google.firebase:firebase-auth:22.0.0] AndroidManifest.xml:35:13-45:29
149                <action android:name="android.intent.action.VIEW" />
149-->[com.google.firebase:firebase-auth:22.0.0] AndroidManifest.xml:36:17-69
149-->[com.google.firebase:firebase-auth:22.0.0] AndroidManifest.xml:36:25-66
150
151                <category android:name="android.intent.category.DEFAULT" />
151-->[com.google.firebase:firebase-auth:22.0.0] AndroidManifest.xml:38:17-76
151-->[com.google.firebase:firebase-auth:22.0.0] AndroidManifest.xml:38:27-73
152                <category android:name="android.intent.category.BROWSABLE" />
152-->[com.google.firebase:firebase-auth:22.0.0] AndroidManifest.xml:39:17-78
152-->[com.google.firebase:firebase-auth:22.0.0] AndroidManifest.xml:39:27-75
153
154                <data
154-->[com.google.firebase:firebase-auth:22.0.0] AndroidManifest.xml:41:17-44:51
155                    android:host="firebase.auth"
155-->[com.google.firebase:firebase-auth:22.0.0] AndroidManifest.xml:42:21-49
156                    android:path="/"
156-->[com.google.firebase:firebase-auth:22.0.0] AndroidManifest.xml:43:21-37
157                    android:scheme="genericidp" />
157-->[com.google.firebase:firebase-auth:22.0.0] AndroidManifest.xml:44:21-48
158            </intent-filter>
159        </activity>
160        <activity
160-->[com.google.firebase:firebase-auth:22.0.0] AndroidManifest.xml:47:9-64:20
161            android:name="com.google.firebase.auth.internal.RecaptchaActivity"
161-->[com.google.firebase:firebase-auth:22.0.0] AndroidManifest.xml:48:13-79
162            android:excludeFromRecents="true"
162-->[com.google.firebase:firebase-auth:22.0.0] AndroidManifest.xml:49:13-46
163            android:exported="true"
163-->[com.google.firebase:firebase-auth:22.0.0] AndroidManifest.xml:50:13-36
164            android:launchMode="singleTask"
164-->[com.google.firebase:firebase-auth:22.0.0] AndroidManifest.xml:51:13-44
165            android:theme="@android:style/Theme.Translucent.NoTitleBar" >
165-->[com.google.firebase:firebase-auth:22.0.0] AndroidManifest.xml:52:13-72
166            <intent-filter>
166-->[com.google.firebase:firebase-auth:22.0.0] AndroidManifest.xml:53:13-63:29
167                <action android:name="android.intent.action.VIEW" />
167-->[com.google.firebase:firebase-auth:22.0.0] AndroidManifest.xml:36:17-69
167-->[com.google.firebase:firebase-auth:22.0.0] AndroidManifest.xml:36:25-66
168
169                <category android:name="android.intent.category.DEFAULT" />
169-->[com.google.firebase:firebase-auth:22.0.0] AndroidManifest.xml:38:17-76
169-->[com.google.firebase:firebase-auth:22.0.0] AndroidManifest.xml:38:27-73
170                <category android:name="android.intent.category.BROWSABLE" />
170-->[com.google.firebase:firebase-auth:22.0.0] AndroidManifest.xml:39:17-78
170-->[com.google.firebase:firebase-auth:22.0.0] AndroidManifest.xml:39:27-75
171
172                <data
172-->[com.google.firebase:firebase-auth:22.0.0] AndroidManifest.xml:41:17-44:51
173                    android:host="firebase.auth"
173-->[com.google.firebase:firebase-auth:22.0.0] AndroidManifest.xml:42:21-49
174                    android:path="/"
174-->[com.google.firebase:firebase-auth:22.0.0] AndroidManifest.xml:43:21-37
175                    android:scheme="recaptcha" />
175-->[com.google.firebase:firebase-auth:22.0.0] AndroidManifest.xml:44:21-48
176            </intent-filter>
177        </activity>
178        <activity
178-->[com.google.android.gms:play-services-auth:20.5.0] AndroidManifest.xml:23:9-27:75
179            android:name="com.google.android.gms.auth.api.signin.internal.SignInHubActivity"
179-->[com.google.android.gms:play-services-auth:20.5.0] AndroidManifest.xml:24:13-93
180            android:excludeFromRecents="true"
180-->[com.google.android.gms:play-services-auth:20.5.0] AndroidManifest.xml:25:13-46
181            android:exported="false"
181-->[com.google.android.gms:play-services-auth:20.5.0] AndroidManifest.xml:26:13-37
182            android:theme="@android:style/Theme.Translucent.NoTitleBar" />
182-->[com.google.android.gms:play-services-auth:20.5.0] AndroidManifest.xml:27:13-72
183        <!--
184            Service handling Google Sign-In user revocation. For apps that do not integrate with
185            Google Sign-In, this service will never be started.
186        -->
187        <service
187-->[com.google.android.gms:play-services-auth:20.5.0] AndroidManifest.xml:33:9-37:51
188            android:name="com.google.android.gms.auth.api.signin.RevocationBoundService"
188-->[com.google.android.gms:play-services-auth:20.5.0] AndroidManifest.xml:34:13-89
189            android:exported="true"
189-->[com.google.android.gms:play-services-auth:20.5.0] AndroidManifest.xml:35:13-36
190            android:permission="com.google.android.gms.auth.api.signin.permission.REVOCATION_NOTIFICATION"
190-->[com.google.android.gms:play-services-auth:20.5.0] AndroidManifest.xml:36:13-107
191            android:visibleToInstantApps="true" />
191-->[com.google.android.gms:play-services-auth:20.5.0] AndroidManifest.xml:37:13-48
192
193        <receiver
193-->[com.google.firebase:firebase-messaging:23.1.2] AndroidManifest.xml:31:9-38:20
194            android:name="com.google.firebase.iid.FirebaseInstanceIdReceiver"
194-->[com.google.firebase:firebase-messaging:23.1.2] AndroidManifest.xml:32:13-78
195            android:exported="true"
195-->[com.google.firebase:firebase-messaging:23.1.2] AndroidManifest.xml:33:13-36
196            android:permission="com.google.android.c2dm.permission.SEND" >
196-->[com.google.firebase:firebase-messaging:23.1.2] AndroidManifest.xml:34:13-73
197            <intent-filter>
197-->[com.google.firebase:firebase-messaging:23.1.2] AndroidManifest.xml:35:13-37:29
198                <action android:name="com.google.android.c2dm.intent.RECEIVE" />
198-->[com.google.firebase:firebase-messaging:23.1.2] AndroidManifest.xml:36:17-81
198-->[com.google.firebase:firebase-messaging:23.1.2] AndroidManifest.xml:36:25-78
199            </intent-filter>
200        </receiver>
201        <!--
202             FirebaseMessagingService performs security checks at runtime,
203             but set to not exported to explicitly avoid allowing another app to call it.
204        -->
205        <service
205-->[com.google.firebase:firebase-messaging:23.1.2] AndroidManifest.xml:44:9-51:19
206            android:name="com.google.firebase.messaging.FirebaseMessagingService"
206-->[com.google.firebase:firebase-messaging:23.1.2] AndroidManifest.xml:45:13-82
207            android:directBootAware="true"
207-->[com.google.firebase:firebase-messaging:23.1.2] AndroidManifest.xml:46:13-43
208            android:exported="false" >
208-->[com.google.firebase:firebase-messaging:23.1.2] AndroidManifest.xml:47:13-37
209            <intent-filter android:priority="-500" >
209-->[com.google.firebase:firebase-messaging:23.1.2] AndroidManifest.xml:48:13-50:29
209-->[com.google.firebase:firebase-messaging:23.1.2] AndroidManifest.xml:48:28-51
210                <action android:name="com.google.firebase.MESSAGING_EVENT" />
210-->[com.google.firebase:firebase-messaging:23.1.2] AndroidManifest.xml:49:17-78
210-->[com.google.firebase:firebase-messaging:23.1.2] AndroidManifest.xml:49:25-75
211            </intent-filter>
212        </service>
213
214        <provider
214-->[com.google.firebase:firebase-common:20.3.2] AndroidManifest.xml:25:9-30:39
215            android:name="com.google.firebase.provider.FirebaseInitProvider"
215-->[com.google.firebase:firebase-common:20.3.2] AndroidManifest.xml:26:13-77
216            android:authorities="com.example.myproject.firebaseinitprovider"
216-->[com.google.firebase:firebase-common:20.3.2] AndroidManifest.xml:27:13-72
217            android:directBootAware="true"
217-->[com.google.firebase:firebase-common:20.3.2] AndroidManifest.xml:28:13-43
218            android:exported="false"
218-->[com.google.firebase:firebase-common:20.3.2] AndroidManifest.xml:29:13-37
219            android:initOrder="100" />
219-->[com.google.firebase:firebase-common:20.3.2] AndroidManifest.xml:30:13-36
220
221        <activity
221-->[com.google.android.gms:play-services-base:18.1.0] AndroidManifest.xml:20:9-22:45
222            android:name="com.google.android.gms.common.api.GoogleApiActivity"
222-->[com.google.android.gms:play-services-base:18.1.0] AndroidManifest.xml:20:19-85
223            android:exported="false"
223-->[com.google.android.gms:play-services-base:18.1.0] AndroidManifest.xml:22:19-43
224            android:theme="@android:style/Theme.Translucent.NoTitleBar" />
224-->[com.google.android.gms:play-services-base:18.1.0] AndroidManifest.xml:21:19-78
225
226        <receiver
226-->[com.google.android.gms:play-services-measurement:21.2.2] AndroidManifest.xml:29:9-33:20
227            android:name="com.google.android.gms.measurement.AppMeasurementReceiver"
227-->[com.google.android.gms:play-services-measurement:21.2.2] AndroidManifest.xml:30:13-85
228            android:enabled="true"
228-->[com.google.android.gms:play-services-measurement:21.2.2] AndroidManifest.xml:31:13-35
229            android:exported="false" >
229-->[com.google.android.gms:play-services-measurement:21.2.2] AndroidManifest.xml:32:13-37
230        </receiver>
231
232        <service
232-->[com.google.android.gms:play-services-measurement:21.2.2] AndroidManifest.xml:35:9-38:40
233            android:name="com.google.android.gms.measurement.AppMeasurementService"
233-->[com.google.android.gms:play-services-measurement:21.2.2] AndroidManifest.xml:36:13-84
234            android:enabled="true"
234-->[com.google.android.gms:play-services-measurement:21.2.2] AndroidManifest.xml:37:13-35
235            android:exported="false" />
235-->[com.google.android.gms:play-services-measurement:21.2.2] AndroidManifest.xml:38:13-37
236        <service
236-->[com.google.android.gms:play-services-measurement:21.2.2] AndroidManifest.xml:39:9-43:72
237            android:name="com.google.android.gms.measurement.AppMeasurementJobService"
237-->[com.google.android.gms:play-services-measurement:21.2.2] AndroidManifest.xml:40:13-87
238            android:enabled="true"
238-->[com.google.android.gms:play-services-measurement:21.2.2] AndroidManifest.xml:41:13-35
239            android:exported="false"
239-->[com.google.android.gms:play-services-measurement:21.2.2] AndroidManifest.xml:42:13-37
240            android:permission="android.permission.BIND_JOB_SERVICE" />
240-->[com.google.android.gms:play-services-measurement:21.2.2] AndroidManifest.xml:43:13-69
241
242        <meta-data
242-->[com.google.android.gms:play-services-basement:18.2.0] AndroidManifest.xml:21:9-23:69
243            android:name="com.google.android.gms.version"
243-->[com.google.android.gms:play-services-basement:18.2.0] AndroidManifest.xml:22:13-58
244            android:value="@integer/google_play_services_version" />
244-->[com.google.android.gms:play-services-basement:18.2.0] AndroidManifest.xml:23:13-66
245
246        <uses-library
246-->[androidx.window:window:1.0.0] AndroidManifest.xml:25:9-27:40
247            android:name="androidx.window.extensions"
247-->[androidx.window:window:1.0.0] AndroidManifest.xml:26:13-54
248            android:required="false" />
248-->[androidx.window:window:1.0.0] AndroidManifest.xml:27:13-37
249        <uses-library
249-->[androidx.window:window:1.0.0] AndroidManifest.xml:28:9-30:40
250            android:name="androidx.window.sidecar"
250-->[androidx.window:window:1.0.0] AndroidManifest.xml:29:13-51
251            android:required="false" />
251-->[androidx.window:window:1.0.0] AndroidManifest.xml:30:13-37
252
253        <provider
253-->[androidx.emoji2:emoji2:1.2.0] AndroidManifest.xml:24:9-32:20
254            android:name="androidx.startup.InitializationProvider"
254-->[androidx.emoji2:emoji2:1.2.0] AndroidManifest.xml:25:13-67
255            android:authorities="com.example.myproject.androidx-startup"
255-->[androidx.emoji2:emoji2:1.2.0] AndroidManifest.xml:26:13-68
256            android:exported="false" >
256-->[androidx.emoji2:emoji2:1.2.0] AndroidManifest.xml:27:13-37
257            <meta-data
257-->[androidx.emoji2:emoji2:1.2.0] AndroidManifest.xml:29:13-31:52
258                android:name="androidx.emoji2.text.EmojiCompatInitializer"
258-->[androidx.emoji2:emoji2:1.2.0] AndroidManifest.xml:30:17-75
259                android:value="androidx.startup" />
259-->[androidx.emoji2:emoji2:1.2.0] AndroidManifest.xml:31:17-49
260            <meta-data
260-->[androidx.lifecycle:lifecycle-process:2.4.1] AndroidManifest.xml:31:13-33:52
261                android:name="androidx.lifecycle.ProcessLifecycleInitializer"
261-->[androidx.lifecycle:lifecycle-process:2.4.1] AndroidManifest.xml:32:17-78
262                android:value="androidx.startup" />
262-->[androidx.lifecycle:lifecycle-process:2.4.1] AndroidManifest.xml:33:17-49
263        </provider>
264
265        <service
265-->[com.google.android.datatransport:transport-backend-cct:3.1.8] AndroidManifest.xml:28:9-34:19
266            android:name="com.google.android.datatransport.runtime.backends.TransportBackendDiscovery"
266-->[com.google.android.datatransport:transport-backend-cct:3.1.8] AndroidManifest.xml:29:13-103
267            android:exported="false" >
267-->[com.google.android.datatransport:transport-backend-cct:3.1.8] AndroidManifest.xml:30:13-37
268            <meta-data
268-->[com.google.android.datatransport:transport-backend-cct:3.1.8] AndroidManifest.xml:31:13-33:39